<?xml version="1.0" encoding="UTF-8"?>
<coverage generated="1658972551493" clover="3.2.0">
  <project timestamp="1658972551494" name="All files">
    <metrics statements="49" coveredstatements="47" conditionals="1" coveredconditionals="1" methods="23" coveredmethods="21" elements="73" coveredelements="69" complexity="0" loc="49" ncloc="49" packages="2" files="7" classes="7"/>
    <package name="classes">
      <metrics statements="45" coveredstatements="43" conditionals="1" coveredconditionals="1" methods="21" coveredmethods="19"/>
      <file name="customer.ts" path="X:\Users\01100\Documents\PROGRAMACAO\Codigo\Estudo\EX\Typescript\src\Tests_Com_Jest\classes\customer.ts">
        <metrics statements="10" coveredstatements="9" conditionals="0" coveredconditionals="0" methods="4" coveredmethods="3"/>
        <line num="3" count="1" type="stmt"/>
        <line num="16" count="3" type="stmt"/>
        <line num="17" count="3" type="stmt"/>
        <line num="18" count="3" type="stmt"/>
        <line num="19" count="3" type="stmt"/>
        <line num="22" count="2" type="stmt"/>
        <line num="25" count="1" type="stmt"/>
        <line num="31" count="1" type="stmt"/>
        <line num="32" count="1" type="stmt"/>
        <line num="35" count="0" type="stmt"/>
      </file>
      <file name="discount.ts" path="X:\Users\01100\Documents\PROGRAMACAO\Codigo\Estudo\EX\Typescript\src\Tests_Com_Jest\classes\discount.ts">
        <metrics statements="8" coveredstatements="8" conditionals="0" coveredconditionals="0" methods="4" coveredmethods="4"/>
        <line num="1" count="2" type="stmt"/>
        <line num="2" count="9" type="stmt"/>
        <line num="4" count="5" type="stmt"/>
        <line num="8" count="2" type="stmt"/>
        <line num="10" count="2" type="stmt"/>
        <line num="11" count="1" type="stmt"/>
        <line num="13" count="2" type="stmt"/>
        <line num="14" count="1" type="stmt"/>
      </file>
      <file name="order.ts" path="X:\Users\01100\Documents\PROGRAMACAO\Codigo\Estudo\EX\Typescript\src\Tests_Com_Jest\classes\order.ts">
        <metrics statements="13" coveredstatements="13" conditionals="1" coveredconditionals="1" methods="3" coveredmethods="3"/>
        <line num="6" count="1" type="stmt"/>
        <line num="7" count="5" type="stmt"/>
        <line num="9" count="5" type="stmt"/>
        <line num="10" count="5" type="stmt"/>
        <line num="11" count="5" type="stmt"/>
        <line num="15" count="2" type="stmt"/>
        <line num="19" count="5" type="cond" truecount="1" falsecount="0"/>
        <line num="20" count="1" type="stmt"/>
        <line num="21" count="1" type="stmt"/>
        <line num="24" count="4" type="stmt"/>
        <line num="25" count="4" type="stmt"/>
        <line num="28" count="4" type="stmt"/>
        <line num="29" count="4" type="stmt"/>
      </file>
      <file name="product.ts" path="X:\Users\01100\Documents\PROGRAMACAO\Codigo\Estudo\EX\Typescript\src\Tests_Com_Jest\classes\product.ts">
        <metrics statements="2" coveredstatements="2" conditionals="0" coveredconditionals="0" methods="1" coveredmethods="1"/>
        <line num="3" count="1" type="stmt"/>
        <line num="4" count="1" type="stmt"/>
      </file>
      <file name="shopping-cart.ts" path="X:\Users\01100\Documents\PROGRAMACAO\Codigo\Estudo\EX\Typescript\src\Tests_Com_Jest\classes\shopping-cart.ts">
        <metrics statements="12" coveredstatements="11" conditionals="0" coveredconditionals="0" methods="9" coveredmethods="8"/>
        <line num="5" count="1" type="stmt"/>
        <line num="6" count="6" type="stmt"/>
        <line num="7" count="6" type="stmt"/>
        <line num="10" count="10" type="stmt"/>
        <line num="14" count="1" type="stmt"/>
        <line num="18" count="2" type="stmt"/>
        <line num="22" count="3" type="stmt"/>
        <line num="23" count="6" type="stmt"/>
        <line num="28" count="0" type="stmt"/>
        <line num="32" count="3" type="stmt"/>
        <line num="36" count="1" type="stmt"/>
        <line num="37" count="1" type="stmt"/>
      </file>
    </package>
    <package name="services">
      <metrics statements="4" coveredstatements="4" conditionals="0" coveredconditionals="0" methods="2" coveredmethods="2"/>
      <file name="messagin.ts" path="X:\Users\01100\Documents\PROGRAMACAO\Codigo\Estudo\EX\Typescript\src\Tests_Com_Jest\services\messagin.ts">
        <metrics statements="2" coveredstatements="2" conditionals="0" coveredconditionals="0" methods="1" coveredmethods="1"/>
        <line num="1" count="1" type="stmt"/>
        <line num="3" count="3" type="stmt"/>
      </file>
      <file name="persistency.ts" path="X:\Users\01100\Documents\PROGRAMACAO\Codigo\Estudo\EX\Typescript\src\Tests_Com_Jest\services\persistency.ts">
        <metrics statements="2" coveredstatements="2" conditionals="0" coveredconditionals="0" methods="1" coveredmethods="1"/>
        <line num="1" count="1" type="stmt"/>
        <line num="3" count="3" type="stmt"/>
      </file>
    </package>
  </project>
</coverage>
