{"X:\\Users\\01100\\Documents\\PROGRAMACAO\\Codigo\\Estudo\\EX\\Typescript\\src\\Tests_Com_Jest\\classes\\customer.ts": {"path":"X:\\Users\\01100\\Documents\\PROGRAMACAO\\Codigo\\Estudo\\EX\\Typescript\\src\\Tests_Com_Jest\\classes\\customer.ts","statementMap":{"0":{"start":{"line":16,"column":4},"end":{"line":16,"column":null}},"1":{"start":{"line":17,"column":4},"end":{"line":17,"column":null}},"2":{"start":{"line":18,"column":4},"end":{"line":18,"column":null}},"3":{"start":{"line":19,"column":4},"end":{"line":19,"column":null}},"4":{"start":{"line":22,"column":4},"end":{"line":22,"column":null}},"5":{"start":{"line":3,"column":0},"end":{"line":3,"column":13}},"6":{"start":{"line":31,"column":4},"end":{"line":31,"column":null}},"7":{"start":{"line":32,"column":4},"end":{"line":32,"column":null}},"8":{"start":{"line":35,"column":4},"end":{"line":35,"column":null}},"9":{"start":{"line":25,"column":0},"end":{"line":25,"column":13}}},"fnMap":{"0":{"name":"(anonymous_0)","decl":{"start":{"line":10,"column":2},"end":{"line":10,"column":null}},"loc":{"start":{"line":14,"column":16},"end":{"line":20,"column":3}}},"1":{"name":"(anonymous_1)","decl":{"start":{"line":21,"column":2},"end":{"line":21,"column":9}},"loc":{"start":{"line":21,"column":9},"end":{"line":23,"column":3}}},"2":{"name":"(anonymous_2)","decl":{"start":{"line":30,"column":2},"end":{"line":30,"column":14}},"loc":{"start":{"line":30,"column":50},"end":{"line":33,"column":3}}},"3":{"name":"(anonymous_3)","decl":{"start":{"line":34,"column":2},"end":{"line":34,"column":9}},"loc":{"start":{"line":34,"column":9},"end":{"line":36,"column":3}}}},"branchMap":{},"s":{"0":3,"1":3,"2":3,"3":3,"4":2,"5":1,"6":1,"7":1,"8":0,"9":1},"f":{"0":3,"1":2,"2":1,"3":0},"b":{}}
,"X:\\Users\\01100\\Documents\\PROGRAMACAO\\Codigo\\Estudo\\EX\\Typescript\\src\\Tests_Com_Jest\\classes\\discount.ts": {"path":"X:\\Users\\01100\\Documents\\PROGRAMACAO\\Codigo\\Estudo\\EX\\Typescript\\src\\Tests_Com_Jest\\classes\\discount.ts","statementMap":{"0":{"start":{"line":2,"column":12},"end":{"line":2,"column":null}},"1":{"start":{"line":4,"column":4},"end":{"line":4,"column":null}},"2":{"start":{"line":1,"column":0},"end":{"line":1,"column":22}},"3":{"start":{"line":8,"column":0},"end":{"line":8,"column":13}},"4":{"start":{"line":11,"column":21},"end":{"line":11,"column":null}},"5":{"start":{"line":10,"column":0},"end":{"line":10,"column":13}},"6":{"start":{"line":14,"column":21},"end":{"line":14,"column":null}},"7":{"start":{"line":13,"column":0},"end":{"line":13,"column":13}}},"fnMap":{"0":{"name":"(anonymous_0)","decl":{"start":{"line":1,"column":0},"end":{"line":1,"column":22}},"loc":{"start":{"line":1,"column":0},"end":{"line":6,"column":1}}},"1":{"name":"(anonymous_1)","decl":{"start":{"line":3,"column":2},"end":{"line":3,"column":11}},"loc":{"start":{"line":3,"column":25},"end":{"line":5,"column":3}}},"2":{"name":"(anonymous_2)","decl":{"start":{"line":10,"column":0},"end":{"line":10,"column":13}},"loc":{"start":{"line":10,"column":0},"end":{"line":12,"column":1}}},"3":{"name":"(anonymous_3)","decl":{"start":{"line":13,"column":0},"end":{"line":13,"column":13}},"loc":{"start":{"line":13,"column":0},"end":{"line":15,"column":1}}}},"branchMap":{},"s":{"0":9,"1":5,"2":2,"3":2,"4":1,"5":2,"6":1,"7":2},"f":{"0":9,"1":5,"2":1,"3":1},"b":{}}
,"X:\\Users\\01100\\Documents\\PROGRAMACAO\\Codigo\\Estudo\\EX\\Typescript\\src\\Tests_Com_Jest\\classes\\order.ts": {"path":"X:\\Users\\01100\\Documents\\PROGRAMACAO\\Codigo\\Estudo\\EX\\Typescript\\src\\Tests_Com_Jest\\classes\\order.ts","statementMap":{"0":{"start":{"line":9,"column":21},"end":{"line":9,"column":47}},"1":{"start":{"line":10,"column":21},"end":{"line":10,"column":49}},"2":{"start":{"line":11,"column":21},"end":{"line":11,"column":53}},"3":{"start":{"line":7,"column":10},"end":{"line":7,"column":null}},"4":{"start":{"line":15,"column":4},"end":{"line":15,"column":null}},"5":{"start":{"line":19,"column":4},"end":{"line":22,"column":null}},"6":{"start":{"line":20,"column":6},"end":{"line":20,"column":null}},"7":{"start":{"line":21,"column":6},"end":{"line":21,"column":12}},"8":{"start":{"line":24,"column":4},"end":{"line":24,"column":null}},"9":{"start":{"line":25,"column":4},"end":{"line":27,"column":null}},"10":{"start":{"line":28,"column":4},"end":{"line":28,"column":null}},"11":{"start":{"line":29,"column":4},"end":{"line":29,"column":null}},"12":{"start":{"line":6,"column":0},"end":{"line":6,"column":13}}},"fnMap":{"0":{"name":"(anonymous_0)","decl":{"start":{"line":8,"column":2},"end":{"line":8,"column":null}},"loc":{"start":{"line":11,"column":53},"end":{"line":12,"column":6}}},"1":{"name":"(anonymous_1)","decl":{"start":{"line":14,"column":2},"end":{"line":14,"column":6}},"loc":{"start":{"line":14,"column":17},"end":{"line":16,"column":3}}},"2":{"name":"(anonymous_2)","decl":{"start":{"line":18,"column":2},"end":{"line":18,"column":10}},"loc":{"start":{"line":18,"column":10},"end":{"line":30,"column":3}}}},"branchMap":{"0":{"loc":{"start":{"line":19,"column":4},"end":{"line":22,"column":null}},"type":"if","locations":[{"start":{"line":19,"column":4},"end":{"line":22,"column":null}}]}},"s":{"0":5,"1":5,"2":5,"3":5,"4":2,"5":5,"6":1,"7":1,"8":4,"9":4,"10":4,"11":4,"12":1},"f":{"0":5,"1":2,"2":5},"b":{"0":[1]}}
,"X:\\Users\\01100\\Documents\\PROGRAMACAO\\Codigo\\Estudo\\EX\\Typescript\\src\\Tests_Com_Jest\\classes\\product.ts": {"path":"X:\\Users\\01100\\Documents\\PROGRAMACAO\\Codigo\\Estudo\\EX\\Typescript\\src\\Tests_Com_Jest\\classes\\product.ts","statementMap":{"0":{"start":{"line":4,"column":21},"end":{"line":4,"column":33}},"1":{"start":{"line":4,"column":42},"end":{"line":4,"column":55}},"2":{"start":{"line":3,"column":0},"end":{"line":3,"column":13}}},"fnMap":{"0":{"name":"(anonymous_0)","decl":{"start":{"line":4,"column":2},"end":{"line":4,"column":21}},"loc":{"start":{"line":4,"column":55},"end":{"line":4,"column":59}}}},"branchMap":{},"s":{"0":1,"1":1,"2":1},"f":{"0":1},"b":{}}
,"X:\\Users\\01100\\Documents\\PROGRAMACAO\\Codigo\\Estudo\\EX\\Typescript\\src\\Tests_Com_Jest\\classes\\shopping-cart.ts": {"path":"X:\\Users\\01100\\Documents\\PROGRAMACAO\\Codigo\\Estudo\\EX\\Typescript\\src\\Tests_Com_Jest\\classes\\shopping-cart.ts","statementMap":{"0":{"start":{"line":7,"column":31},"end":{"line":7,"column":49}},"1":{"start":{"line":6,"column":19},"end":{"line":6,"column":null}},"2":{"start":{"line":10,"column":4},"end":{"line":10,"column":null}},"3":{"start":{"line":14,"column":4},"end":{"line":14,"column":null}},"4":{"start":{"line":18,"column":4},"end":{"line":18,"column":null}},"5":{"start":{"line":22,"column":4},"end":{"line":24,"column":null}},"6":{"start":{"line":23,"column":28},"end":{"line":23,"column":43}},"7":{"start":{"line":28,"column":4},"end":{"line":28,"column":null}},"8":{"start":{"line":32,"column":4},"end":{"line":32,"column":null}},"9":{"start":{"line":36,"column":4},"end":{"line":36,"column":null}},"10":{"start":{"line":37,"column":4},"end":{"line":37,"column":null}},"11":{"start":{"line":5,"column":0},"end":{"line":5,"column":13}}},"fnMap":{"0":{"name":"(anonymous_0)","decl":{"start":{"line":7,"column":2},"end":{"line":7,"column":31}},"loc":{"start":{"line":7,"column":49},"end":{"line":7,"column":53}}},"1":{"name":"(anonymous_1)","decl":{"start":{"line":9,"column":2},"end":{"line":9,"column":9}},"loc":{"start":{"line":9,"column":24},"end":{"line":11,"column":3}}},"2":{"name":"(anonymous_2)","decl":{"start":{"line":13,"column":2},"end":{"line":13,"column":12}},"loc":{"start":{"line":13,"column":26},"end":{"line":15,"column":3}}},"3":{"name":"(anonymous_3)","decl":{"start":{"line":17,"column":2},"end":{"line":17,"column":6}},"loc":{"start":{"line":17,"column":11},"end":{"line":19,"column":3}}},"4":{"name":"(anonymous_4)","decl":{"start":{"line":21,"column":2},"end":{"line":21,"column":7}},"loc":{"start":{"line":21,"column":7},"end":{"line":25,"column":3}}},"5":{"name":"(anonymous_5)","decl":{"start":{"line":23,"column":14},"end":{"line":23,"column":15}},"loc":{"start":{"line":23,"column":28},"end":{"line":23,"column":43}}},"6":{"name":"(anonymous_6)","decl":{"start":{"line":27,"column":2},"end":{"line":27,"column":18}},"loc":{"start":{"line":27,"column":18},"end":{"line":29,"column":3}}},"7":{"name":"(anonymous_7)","decl":{"start":{"line":31,"column":2},"end":{"line":31,"column":9}},"loc":{"start":{"line":31,"column":9},"end":{"line":33,"column":3}}},"8":{"name":"(anonymous_8)","decl":{"start":{"line":35,"column":2},"end":{"line":35,"column":7}},"loc":{"start":{"line":35,"column":7},"end":{"line":38,"column":3}}}},"branchMap":{},"s":{"0":6,"1":6,"2":10,"3":1,"4":2,"5":3,"6":6,"7":0,"8":3,"9":1,"10":1,"11":1},"f":{"0":6,"1":10,"2":1,"3":2,"4":3,"5":6,"6":0,"7":3,"8":1},"b":{}}
,"X:\\Users\\01100\\Documents\\PROGRAMACAO\\Codigo\\Estudo\\EX\\Typescript\\src\\Tests_Com_Jest\\services\\messagin.ts": {"path":"X:\\Users\\01100\\Documents\\PROGRAMACAO\\Codigo\\Estudo\\EX\\Typescript\\src\\Tests_Com_Jest\\services\\messagin.ts","statementMap":{"0":{"start":{"line":3,"column":4},"end":{"line":3,"column":null}},"1":{"start":{"line":1,"column":0},"end":{"line":1,"column":13}}},"fnMap":{"0":{"name":"(anonymous_0)","decl":{"start":{"line":2,"column":2},"end":{"line":2,"column":13}},"loc":{"start":{"line":2,"column":25},"end":{"line":4,"column":3}}}},"branchMap":{},"s":{"0":3,"1":1},"f":{"0":3},"b":{}}
,"X:\\Users\\01100\\Documents\\PROGRAMACAO\\Codigo\\Estudo\\EX\\Typescript\\src\\Tests_Com_Jest\\services\\persistency.ts": {"path":"X:\\Users\\01100\\Documents\\PROGRAMACAO\\Codigo\\Estudo\\EX\\Typescript\\src\\Tests_Com_Jest\\services\\persistency.ts","statementMap":{"0":{"start":{"line":3,"column":4},"end":{"line":3,"column":null}},"1":{"start":{"line":1,"column":0},"end":{"line":1,"column":13}}},"fnMap":{"0":{"name":"(anonymous_0)","decl":{"start":{"line":2,"column":2},"end":{"line":2,"column":11}},"loc":{"start":{"line":2,"column":11},"end":{"line":4,"column":3}}}},"branchMap":{},"s":{"0":3,"1":1},"f":{"0":3},"b":{}}
}
