TN:
SF:src\Tests_Com_Jest\classes\customer.ts
FN:10,(anonymous_0)
FN:21,(anonymous_1)
FN:30,(anonymous_2)
FN:34,(anonymous_3)
FNF:4
FNH:3
FNDA:3,(anonymous_0)
FNDA:2,(anonymous_1)
FNDA:1,(anonymous_2)
FNDA:0,(anonymous_3)
DA:3,1
DA:16,3
DA:17,3
DA:18,3
DA:19,3
DA:22,2
DA:25,1
DA:31,1
DA:32,1
DA:35,0
LF:10
LH:9
BRF:0
BRH:0
end_of_record
TN:
SF:src\Tests_Com_Jest\classes\discount.ts
FN:1,(anonymous_0)
FN:3,(anonymous_1)
FN:10,(anonymous_2)
FN:13,(anonymous_3)
FNF:4
FNH:4
FNDA:9,(anonymous_0)
FNDA:5,(anonymous_1)
FNDA:1,(anonymous_2)
FNDA:1,(anonymous_3)
DA:1,2
DA:2,9
DA:4,5
DA:8,2
DA:10,2
DA:11,1
DA:13,2
DA:14,1
LF:8
LH:8
BRF:0
BRH:0
end_of_record
TN:
SF:src\Tests_Com_Jest\classes\order.ts
FN:8,(anonymous_0)
FN:14,(anonymous_1)
FN:18,(anonymous_2)
FNF:3
FNH:3
FNDA:5,(anonymous_0)
FNDA:2,(anonymous_1)
FNDA:5,(anonymous_2)
DA:6,1
DA:7,5
DA:9,5
DA:10,5
DA:11,5
DA:15,2
DA:19,5
DA:20,1
DA:21,1
DA:24,4
DA:25,4
DA:28,4
DA:29,4
LF:13
LH:13
BRDA:19,0,0,1
BRF:1
BRH:1
end_of_record
TN:
SF:src\Tests_Com_Jest\classes\product.ts
FN:4,(anonymous_0)
FNF:1
FNH:1
FNDA:1,(anonymous_0)
DA:3,1
DA:4,1
LF:2
LH:2
BRF:0
BRH:0
end_of_record
TN:
SF:src\Tests_Com_Jest\classes\shopping-cart.ts
FN:7,(anonymous_0)
FN:9,(anonymous_1)
FN:13,(anonymous_2)
FN:17,(anonymous_3)
FN:21,(anonymous_4)
FN:23,(anonymous_5)
FN:27,(anonymous_6)
FN:31,(anonymous_7)
FN:35,(anonymous_8)
FNF:9
FNH:8
FNDA:6,(anonymous_0)
FNDA:10,(anonymous_1)
FNDA:1,(anonymous_2)
FNDA:2,(anonymous_3)
FNDA:3,(anonymous_4)
FNDA:6,(anonymous_5)
FNDA:0,(anonymous_6)
FNDA:3,(anonymous_7)
FNDA:1,(anonymous_8)
DA:5,1
DA:6,6
DA:7,6
DA:10,10
DA:14,1
DA:18,2
DA:22,3
DA:23,6
DA:28,0
DA:32,3
DA:36,1
DA:37,1
LF:12
LH:11
BRF:0
BRH:0
end_of_record
TN:
SF:src\Tests_Com_Jest\services\messagin.ts
FN:2,(anonymous_0)
FNF:1
FNH:1
FNDA:3,(anonymous_0)
DA:1,1
DA:3,3
LF:2
LH:2
BRF:0
BRH:0
end_of_record
TN:
SF:src\Tests_Com_Jest\services\persistency.ts
FN:2,(anonymous_0)
FNF:1
FNH:1
FNDA:3,(anonymous_0)
DA:1,1
DA:3,3
LF:2
LH:2
BRF:0
BRH:0
end_of_record
